<?xml version="1.0" encoding="UTF-8"?>
<!-- Generated by org.testng.reporters.JUnitReportReporter -->
<testsuite hostname="DESKTOP-5JQPBHG" failures="0" tests="3" name="Listenerss.Dependency1" time="0.028" errors="0" timestamp="2023-05-26T15:30:12 IST" skipped="0">
  <testcase classname="Listenerss.Dependency1" name="test3" time="0.003"/>
  <system-out/>
  <testcase classname="Listenerss.Dependency1" name="test1" time="0.021"/>
  <system-out/>
  <testcase classname="Listenerss.Dependency1" name="test2" time="0.004"/>
  <system-out/>
</testsuite> <!-- Listenerss.Dependency1 -->
