<?xml version="1.0" encoding="UTF-8"?>
<!-- Generated by org.testng.reporters.JUnitReportReporter -->
<testsuite hostname="DESKTOP-5JQPBHG" failures="0" tests="1" name="Reporting_tool.ext1" time="0.973" errors="0" timestamp="2023-05-27T15:37:55 IST" skipped="0">
  <testcase classname="Reporting_tool.ext1" name="test1" time="0.973"/>
  <system-out/>
</testsuite> <!-- Reporting_tool.ext1 -->
