<?xml version="1.0" encoding="UTF-8"?>
<!-- Generated by org.testng.reporters.JUnitReportReporter -->
<testsuite hostname="DESKTOP-5JQPBHG" failures="0" tests="1" name="Reporting_tool.Log1" time="0.078" errors="0" timestamp="2023-05-27T15:36:27 IST" skipped="0">
  <testcase classname="Reporting_tool.Log1" name="test1" time="0.078"/>
  <system-out/>
</testsuite> <!-- Reporting_tool.Log1 -->
