<?xml version="1.0" encoding="UTF-8"?>
<!-- Generated by org.testng.reporters.JUnitReportReporter -->
<testsuite hostname="DESKTOP-5JQPBHG" failures="0" tests="2" name="test_script.Testscript1" time="33.337" errors="0" timestamp="2023-05-26T15:35:35 IST" skipped="0">
  <testcase classname="test_script.Testscript1" name="test1" time="23.314"/>
  <system-out/>
  <testcase classname="test_script.Testscript1" name="test1" time="10.023"/>
  <system-out/>
</testsuite> <!-- test_script.Testscript1 -->
